<?xml version="1.0" encoding="utf-8"?><testsuites name="pytest tests"><testsuite name="pytest" errors="0" failures="0" skipped="0" tests="14" time="8.186" timestamp="2026-02-22T10:14:33.681921+00:00" hostname="agent-env-4300f46d-1c67-4c9e-a4b5-63caa803aedc"><testcase classname="backend.tests.test_menu_images.TestMenuItemImages" name="test_get_all_menu_items_admin_only" time="0.707" /><testcase classname="backend.tests.test_menu_images.TestMenuItemImages" name="test_menu_items_have_image_urls" time="0.782" /><testcase classname="backend.tests.test_menu_images.TestMenuItemImages" name="test_update_menu_item_image" time="1.038" /><testcase classname="backend.tests.test_menu_images.TestMenuItemImages" name="test_update_image_requires_auth" time="0.723" /><testcase classname="backend.tests.test_menu_images.TestMenuItemImages" name="test_update_nonexistent_item_returns_404" time="0.407" /><testcase classname="backend.tests.test_menu_images.TestMenuItemImages" name="test_bulk_update_images" time="0.841" /><testcase classname="backend.tests.test_menu_images.TestMenuItemImages" name="test_menu_categories_exist" time="0.493" /><testcase classname="backend.tests.test_menu_images.TestMenuItemImages" name="test_public_menu_shows_images" time="0.606" /><testcase classname="backend.tests.test_menu_images.TestExistingAdminTabs" name="test_branches_endpoint" time="0.409" /><testcase classname="backend.tests.test_menu_images.TestExistingAdminTabs" name="test_staff_endpoint" time="0.459" /><testcase classname="backend.tests.test_menu_images.TestExistingAdminTabs" name="test_orders_endpoint" time="0.392" /><testcase classname="backend.tests.test_menu_images.TestExistingAdminTabs" name="test_coupons_endpoint" time="0.514" /><testcase classname="backend.tests.test_menu_images.TestExistingAdminTabs" name="test_reviews_endpoint" time="0.351" /><testcase classname="backend.tests.test_menu_images.TestExistingAdminTabs" name="test_reports_endpoint" time="0.394" /></testsuite></testsuites>