<?xml version="1.0" encoding="utf-8"?><testsuites name="pytest tests"><testsuite name="pytest" errors="0" failures="0" skipped="0" tests="12" time="3.170" timestamp="2026-02-22T18:07:07.977410+00:00" hostname="agent-env-531f0ccd-e7e9-4b96-a5f6-d7ec8e112e26"><testcase classname="backend.tests.test_branch_auto_assignment.TestNearestBranchEndpoint" name="test_nearest_branch_returns_old_hubli" time="0.988" /><testcase classname="backend.tests.test_branch_auto_assignment.TestNearestBranchEndpoint" name="test_nearest_branch_returns_shirur_park" time="0.569" /><testcase classname="backend.tests.test_branch_auto_assignment.TestNearestBranchEndpoint" name="test_nearest_branch_requires_coordinates" time="0.317" /><testcase classname="backend.tests.test_branch_auto_assignment.TestNearestBranchEndpoint" name="test_nearest_branch_returns_distance" time="0.084" /><testcase classname="backend.tests.test_branch_auto_assignment.TestOrderAutoAssignment" name="test_order_with_explicit_branch_id" time="0.234" /><testcase classname="backend.tests.test_branch_auto_assignment.TestOrderAutoAssignment" name="test_order_auto_assigns_nearest_branch_old_hubli" time="0.205" /><testcase classname="backend.tests.test_branch_auto_assignment.TestOrderAutoAssignment" name="test_order_auto_assigns_nearest_branch_shirur_park" time="0.138" /><testcase classname="backend.tests.test_branch_auto_assignment.TestOrderAutoAssignment" name="test_order_fallback_when_no_coordinates" time="0.188" /><testcase classname="backend.tests.test_branch_auto_assignment.TestBranchesEndpoint" name="test_branches_list" time="0.067" /><testcase classname="backend.tests.test_branch_auto_assignment.TestMenuItemsWithBranch" name="test_menu_items_for_old_hubli" time="0.091" /><testcase classname="backend.tests.test_branch_auto_assignment.TestMenuItemsWithBranch" name="test_menu_items_for_shirur_park" time="0.107" /><testcase classname="backend.tests.test_branch_auto_assignment.TestMenuItemsWithBranch" name="test_menu_categories" time="0.115" /></testsuite></testsuites>