<?xml version="1.0" encoding="utf-8"?><testsuites name="pytest tests"><testsuite name="pytest" errors="0" failures="0" skipped="1" tests="27" time="74.896" timestamp="2026-01-31T17:09:29.989100+00:00" hostname="agent-env-b919d02e-2020-4ff4-a9f6-371c2e7614a6"><testcase classname="backend.tests.test_restaurant_features.TestBranchesAndTables" name="test_get_branches" time="0.862" /><testcase classname="backend.tests.test_restaurant_features.TestBranchesAndTables" name="test_get_tables" time="0.838" /><testcase classname="backend.tests.test_restaurant_features.TestBranchesAndTables" name="test_get_tables_by_branch" time="1.671" /><testcase classname="backend.tests.test_restaurant_features.TestBranchesAndTables" name="test_get_vacant_tables" time="0.834" /><testcase classname="backend.tests.test_restaurant_features.TestDeliveryFleet" name="test_get_delivery_partners" time="0.798" /><testcase classname="backend.tests.test_restaurant_features.TestDeliveryFleet" name="test_get_delivery_partners_by_branch" time="1.669" /><testcase classname="backend.tests.test_restaurant_features.TestDeliveryFleet" name="test_check_delivery_availability" time="1.439" /><testcase classname="backend.tests.test_restaurant_features.TestAuthentication" name="test_admin_login" time="1.087" /><testcase classname="backend.tests.test_restaurant_features.TestAuthentication" name="test_delivery_partner_login" time="1.060" /><testcase classname="backend.tests.test_restaurant_features.TestAuthentication" name="test_waiter_login" time="1.093" /><testcase classname="backend.tests.test_restaurant_features.TestAuthentication" name="test_kitchen_staff_login" time="1.038" /><testcase classname="backend.tests.test_restaurant_features.TestAuthentication" name="test_customer_login" time="1.034" /><testcase classname="backend.tests.test_restaurant_features.TestAuthentication" name="test_invalid_login" time="0.814" /><testcase classname="backend.tests.test_restaurant_features.TestMenuItems" name="test_get_menu_categories" time="0.614" /><testcase classname="backend.tests.test_restaurant_features.TestMenuItems" name="test_get_menu_items" time="0.829" /><testcase classname="backend.tests.test_restaurant_features.TestOrderCreation" name="test_create_dine_in_order_with_table" time="4.334" /><testcase classname="backend.tests.test_restaurant_features.TestOrderCreation" name="test_create_takeaway_order" time="3.354" /><testcase classname="backend.tests.test_restaurant_features.TestOrderCreation" name="test_create_delivery_order" time="4.185" /><testcase classname="backend.tests.test_restaurant_features.TestOrderCreation" name="test_delivery_order_fails_when_no_partners_available" time="3.270"><skipped type="pytest.skip" message="Delivery partners are available, cannot test unavailability">/app/backend/tests/test_restaurant_features.py:370: Delivery partners are available, cannot test unavailability</skipped></testcase><testcase classname="backend.tests.test_restaurant_features.TestOrderCreation" name="test_dine_in_order_fails_with_occupied_table" time="4.098" /><testcase classname="backend.tests.test_restaurant_features.TestOrderStatusFlow" name="test_order_status_flow_dine_in" time="14.480" /><testcase classname="backend.tests.test_restaurant_features.TestTableStatusManagement" name="test_mark_table_vacant_after_cleaning" time="3.533" /><testcase classname="backend.tests.test_restaurant_features.TestDeliveryPartnerFlow" name="test_get_delivery_partner_profile" time="2.037" /><testcase classname="backend.tests.test_restaurant_features.TestDeliveryPartnerFlow" name="test_update_delivery_partner_status" time="3.227" /><testcase classname="backend.tests.test_restaurant_features.TestDeliveryOrderFlow" name="test_delivery_order_pickup_and_delivery_flow" time="10.887" /><testcase classname="backend.tests.test_restaurant_features.TestKitchenDashboard" name="test_kitchen_sees_all_order_types" time="1.980" /><testcase classname="backend.tests.test_restaurant_features.TestCleanup" name="test_cleanup_test_orders" time="3.716" /></testsuite></testsuites>