<?xml version="1.0" encoding="utf-8"?><testsuites name="pytest tests"><testsuite name="pytest" errors="0" failures="3" skipped="0" tests="14" time="8.052" timestamp="2026-02-22T10:13:50.789502+00:00" hostname="agent-env-4300f46d-1c67-4c9e-a4b5-63caa803aedc"><testcase classname="backend.tests.test_menu_images.TestMenuItemImages" name="test_get_all_menu_items_admin_only" time="0.845"><failure message="AssertionError: Should require authentication&#10;assert 403 == 401&#10; +  where 403 = &lt;Response [403]&gt;.status_code">backend/tests/test_menu_images.py:38: in test_get_all_menu_items_admin_only
    assert response.status_code == 401, "Should require authentication"
E   AssertionError: Should require authentication
E   assert 403 == 401
E    +  where 403 = &lt;Response [403]&gt;.status_code</failure></testcase><testcase classname="backend.tests.test_menu_images.TestMenuItemImages" name="test_menu_items_have_image_urls" time="0.644" /><testcase classname="backend.tests.test_menu_images.TestMenuItemImages" name="test_update_menu_item_image" time="0.719" /><testcase classname="backend.tests.test_menu_images.TestMenuItemImages" name="test_update_image_requires_auth" time="0.644"><failure message="AssertionError: Should require authentication&#10;assert 403 == 401&#10; +  where 403 = &lt;Response [403]&gt;.status_code">backend/tests/test_menu_images.py:120: in test_update_image_requires_auth
    assert response.status_code == 401, "Should require authentication"
E   AssertionError: Should require authentication
E   assert 403 == 401
E    +  where 403 = &lt;Response [403]&gt;.status_code</failure></testcase><testcase classname="backend.tests.test_menu_images.TestMenuItemImages" name="test_update_nonexistent_item_returns_404" time="0.429" /><testcase classname="backend.tests.test_menu_images.TestMenuItemImages" name="test_bulk_update_images" time="0.906" /><testcase classname="backend.tests.test_menu_images.TestMenuItemImages" name="test_menu_categories_exist" time="0.509" /><testcase classname="backend.tests.test_menu_images.TestMenuItemImages" name="test_public_menu_shows_images" time="0.575" /><testcase classname="backend.tests.test_menu_images.TestExistingAdminTabs" name="test_branches_endpoint" time="0.461" /><testcase classname="backend.tests.test_menu_images.TestExistingAdminTabs" name="test_staff_endpoint" time="0.491"><failure message="assert 404 == 200&#10; +  where 404 = &lt;Response [404]&gt;.status_code">backend/tests/test_menu_images.py:230: in test_staff_endpoint
    assert response.status_code == 200
E   assert 404 == 200
E    +  where 404 = &lt;Response [404]&gt;.status_code</failure></testcase><testcase classname="backend.tests.test_menu_images.TestExistingAdminTabs" name="test_orders_endpoint" time="0.436" /><testcase classname="backend.tests.test_menu_images.TestExistingAdminTabs" name="test_coupons_endpoint" time="0.493" /><testcase classname="backend.tests.test_menu_images.TestExistingAdminTabs" name="test_reviews_endpoint" time="0.385" /><testcase classname="backend.tests.test_menu_images.TestExistingAdminTabs" name="test_reports_endpoint" time="0.414" /></testsuite></testsuites>